12/07/2023 01:01:59: [mensaje: CONEXION LOCAL CON EL USUARIO ADMIN
12/07/2023 01:01:59: [mensaje: USUARIO= ADMIN
12/07/2023 01:05:01: [mensaje: CONEXION LOCAL CON EL USUARIO ADMIN
12/07/2023 01:05:01: [mensaje: USUARIO= ADMIN
12/07/2023 01:07:09: [mensaje: CONEXION LOCAL CON EL USUARIO ADMIN
12/07/2023 01:07:09: [mensaje: USUARIO= ADMIN
12/07/2023 07:57:10: [mensaje: CONEXION LOCAL CON EL USUARIO ADMIN
12/07/2023 07:57:10: [mensaje: USUARIO= ADMIN
12/07/2023 07:58:11: [mensaje: ORA-06550: línea 1, columna 7:
PLS-00201: el identificador 'SEGURIDAD.PCK_SEEGURIDAD_LDAP' se debe declarar
ORA-06550: línea 1, columna 7:
PL/SQL: Statement ignored
12/07/2023 07:58:11: [mensaje: EnviarCorreoElectronico= Transaction failed. The server response was: 5.7.1 Error: need authentication from 190.239.123.187
12/07/2023 07:59:31: [mensaje: ORA-06550: línea 1, columna 7:
PLS-00201: el identificador 'SEGURIDAD.PCK_SEEGURIDAD_LDAP' se debe declarar
ORA-06550: línea 1, columna 7:
PL/SQL: Statement ignored
12/07/2023 07:59:32: [mensaje: EnviarCorreoElectronico= Transaction failed. The server response was: 5.7.1 Error: need authentication from 190.239.123.187
12/07/2023 08:01:36: [mensaje: ORA-06550: línea 1, columna 7:
PLS-00201: el identificador 'SEGURIDAD.PCK_SEEGURIDAD_LDAP' se debe declarar
ORA-06550: línea 1, columna 7:
PL/SQL: Statement ignored
12/07/2023 08:01:36: [mensaje: EnviarCorreoElectronico= Transaction failed. The server response was: 5.7.1 Error: need authentication from 190.239.123.187
12/07/2023 08:02:04: [mensaje: ORA-06550: línea 1, columna 7:
PLS-00201: el identificador 'SEGURIDAD.PCK_SEEGURIDAD_LDAP' se debe declarar
ORA-06550: línea 1, columna 7:
PL/SQL: Statement ignored
12/07/2023 08:02:04: [mensaje: EnviarCorreoElectronico= Transaction failed. The server response was: 5.7.1 Error: need authentication from 190.239.123.187
12/07/2023 08:37:25: [mensaje: CONEXION LOCAL CON EL USUARIO ADMIN
12/07/2023 08:37:25: [mensaje: USUARIO= ADMIN
12/07/2023 08:45:04: [mensaje: CONEXION LOCAL CON EL USUARIO ADMIN
12/07/2023 08:45:04: [mensaje: USUARIO= ADMIN
12/07/2023 09:02:56: [mensaje: CONEXION LOCAL CON EL USUARIO ADMIN
12/07/2023 09:02:56: [mensaje: USUARIO= ADMIN
12/07/2023 09:04:03: [mensaje: CONEXION LOCAL CON EL USUARIO ADMIN
12/07/2023 09:04:03: [mensaje: USUARIO= ADMIN
12/07/2023 09:04:29: [mensaje: CONEXION LOCAL CON EL USUARIO ADMIN
12/07/2023 09:04:29: [mensaje: USUARIO= ADMIN
12/07/2023 09:06:07: [mensaje: CONEXION LOCAL CON EL USUARIO ADMIN
12/07/2023 09:06:07: [mensaje: USUARIO= ADMIN
12/07/2023 09:58:08: [mensaje: CONEXION LOCAL CON EL USUARIO ADMIN
12/07/2023 09:58:08: [mensaje: USUARIO= ADMIN
12/07/2023 10:17:46: [mensaje: CONEXION LOCAL CON EL USUARIO ADMIN
12/07/2023 10:17:46: [mensaje: USUARIO= ADMIN
12/07/2023 10:50:36: [mensaje: CONEXION LOCAL CON EL USUARIO ADMIN
12/07/2023 10:50:36: [mensaje: USUARIO= ADMIN
12/07/2023 10:58:43: [mensaje: CONEXION LOCAL CON EL USUARIO ADMIN
12/07/2023 10:58:43: [mensaje: USUARIO= ADMIN
12/07/2023 10:59:48: [mensaje: CONEXION LOCAL CON EL USUARIO ADMIN
12/07/2023 10:59:48: [mensaje: USUARIO= ADMIN
12/07/2023 11:01:22: [mensaje: CONEXION LOCAL CON EL USUARIO ADMIN
12/07/2023 11:01:22: [mensaje: USUARIO= ADMIN
12/07/2023 11:02:20: [mensaje: CONEXION LOCAL CON EL USUARIO ADMIN
12/07/2023 11:02:20: [mensaje: USUARIO= ADMIN
12/07/2023 11:02:55: [mensaje: CONEXION LOCAL CON EL USUARIO ADMIN
12/07/2023 11:02:55: [mensaje: USUARIO= ADMIN
12/07/2023 11:03:54: [mensaje: CONEXION LOCAL CON EL USUARIO ADMIN
12/07/2023 11:03:54: [mensaje: USUARIO= ADMIN
12/07/2023 11:04:23: [mensaje: CONEXION LOCAL CON EL USUARIO ADMIN
12/07/2023 11:04:23: [mensaje: USUARIO= ADMIN
12/07/2023 11:10:16: [mensaje: CONEXION LOCAL CON EL USUARIO ADMIN
12/07/2023 11:10:16: [mensaje: USUARIO= ADMIN
12/07/2023 11:11:16: [mensaje: CONEXION LOCAL CON EL USUARIO ADMIN
12/07/2023 11:11:16: [mensaje: USUARIO= ADMIN
12/07/2023 11:12:03: [mensaje: CONEXION LOCAL CON EL USUARIO ADMIN
12/07/2023 11:12:03: [mensaje: USUARIO= ADMIN
12/07/2023 11:33:21: [mensaje: CONEXION LOCAL CON EL USUARIO ADMIN
12/07/2023 11:33:21: [mensaje: USUARIO= ADMIN
12/07/2023 11:49:37: [mensaje: CONEXION LOCAL CON EL USUARIO ADMIN
12/07/2023 11:49:37: [mensaje: USUARIO= ADMIN
12/07/2023 12:04:56: [mensaje: CONEXION LOCAL CON EL USUARIO ADMIN
12/07/2023 12:04:56: [mensaje: USUARIO= ADMIN
12/07/2023 12:10:36: [mensaje: CONEXION LOCAL CON EL USUARIO ADMIN
12/07/2023 12:10:36: [mensaje: USUARIO= ADMIN
12/07/2023 12:14:00: [mensaje: CONEXION LOCAL CON EL USUARIO ADMIN
12/07/2023 12:14:00: [mensaje: USUARIO= ADMIN
12/07/2023 12:46:15: [mensaje: CONEXION LOCAL CON EL USUARIO ADMIN
12/07/2023 12:46:15: [mensaje: USUARIO= ADMIN
12/07/2023 12:47:12: [mensaje: CONEXION LOCAL CON EL USUARIO ADMIN
12/07/2023 12:47:12: [mensaje: USUARIO= ADMIN
12/07/2023 12:48:34: [mensaje: CONEXION LOCAL CON EL USUARIO ADMIN
12/07/2023 12:48:34: [mensaje: USUARIO= ADMIN
12/07/2023 12:49:41: [mensaje: CONEXION LOCAL CON EL USUARIO ADMIN
12/07/2023 12:49:41: [mensaje: USUARIO= ADMIN
12/07/2023 12:53:32: [mensaje: CONEXION LOCAL CON EL USUARIO ADMIN
12/07/2023 12:53:32: [mensaje: USUARIO= ADMIN
12/07/2023 12:54:45: [mensaje: CONEXION LOCAL CON EL USUARIO ADMIN
12/07/2023 12:54:45: [mensaje: USUARIO= ADMIN
12/07/2023 12:57:19: [mensaje: CONEXION LOCAL CON EL USUARIO ADMIN
12/07/2023 12:57:19: [mensaje: USUARIO= ADMIN
12/07/2023 13:01:39: [mensaje: CONEXION LOCAL CON EL USUARIO ADMIN
12/07/2023 13:01:39: [mensaje: USUARIO= ADMIN
12/07/2023 13:03:10: [mensaje: CONEXION LOCAL CON EL USUARIO ADMIN
12/07/2023 13:03:10: [mensaje: USUARIO= ADMIN
12/07/2023 13:10:05: [mensaje: CONEXION LOCAL CON EL USUARIO ADMIN
12/07/2023 13:10:05: [mensaje: USUARIO= ADMIN
12/07/2023 13:11:33: [mensaje: CONEXION LOCAL CON EL USUARIO ADMIN
12/07/2023 13:11:33: [mensaje: USUARIO= ADMIN
12/07/2023 13:15:30: [mensaje: CONEXION LOCAL CON EL USUARIO ADMIN
12/07/2023 13:15:30: [mensaje: USUARIO= ADMIN
12/07/2023 13:17:32: [mensaje: CONEXION LOCAL CON EL USUARIO ADMIN
12/07/2023 13:17:32: [mensaje: USUARIO= ADMIN
12/07/2023 13:19:18: [mensaje: CONEXION LOCAL CON EL USUARIO ADMIN
12/07/2023 13:19:18: [mensaje: USUARIO= ADMIN
12/07/2023 13:20:02: [mensaje: CONEXION LOCAL CON EL USUARIO ADMIN
12/07/2023 13:20:02: [mensaje: USUARIO= ADMIN
12/07/2023 13:21:04: [mensaje: CONEXION LOCAL CON EL USUARIO ADMIN
12/07/2023 13:21:04: [mensaje: USUARIO= ADMIN
12/07/2023 13:33:56: [mensaje: CONEXION LOCAL CON EL USUARIO ADMIN
12/07/2023 13:33:56: [mensaje: USUARIO= ADMIN
12/07/2023 13:35:39: [mensaje: CONEXION LOCAL CON EL USUARIO ADMIN
12/07/2023 13:35:39: [mensaje: USUARIO= ADMIN
12/07/2023 13:36:40: [mensaje: CONEXION LOCAL CON EL USUARIO ADMIN
12/07/2023 13:36:40: [mensaje: USUARIO= ADMIN
12/07/2023 13:39:34: [mensaje: CONEXION LOCAL CON EL USUARIO ADMIN
12/07/2023 13:39:34: [mensaje: USUARIO= ADMIN
12/07/2023 13:44:01: [mensaje: CONEXION LOCAL CON EL USUARIO ADMIN
12/07/2023 13:44:01: [mensaje: USUARIO= ADMIN
12/07/2023 13:45:26: [mensaje: CONEXION LOCAL CON EL USUARIO ADMIN
12/07/2023 13:45:26: [mensaje: USUARIO= ADMIN
12/07/2023 13:45:59: [mensaje: CONEXION LOCAL CON EL USUARIO ADMIN
12/07/2023 13:45:59: [mensaje: USUARIO= ADMIN
12/07/2023 14:03:30: [mensaje: CONEXION LOCAL CON EL USUARIO ADMIN
12/07/2023 14:03:30: [mensaje: USUARIO= ADMIN
12/07/2023 14:05:59: [mensaje: CONEXION LOCAL CON EL USUARIO ADMIN
12/07/2023 14:05:59: [mensaje: USUARIO= ADMIN
12/07/2023 14:12:46: [mensaje: CONEXION LOCAL CON EL USUARIO ADMIN
12/07/2023 14:12:46: [mensaje: USUARIO= ADMIN
12/07/2023 14:21:47: [mensaje: CONEXION LOCAL CON EL USUARIO ADMIN
12/07/2023 14:21:47: [mensaje: USUARIO= ADMIN
12/07/2023 14:25:11: [mensaje: CONEXION LOCAL CON EL USUARIO ADMIN
12/07/2023 14:25:11: [mensaje: USUARIO= ADMIN
12/07/2023 14:27:54: [mensaje: CONEXION LOCAL CON EL USUARIO ADMIN
12/07/2023 14:27:54: [mensaje: USUARIO= ADMIN
12/07/2023 14:30:57: [mensaje: CONEXION LOCAL CON EL USUARIO ADMIN
12/07/2023 14:30:57: [mensaje: USUARIO= ADMIN
12/07/2023 14:32:39: [mensaje: CONEXION LOCAL CON EL USUARIO ADMIN
12/07/2023 14:32:39: [mensaje: USUARIO= ADMIN
12/07/2023 14:48:18: [mensaje: CONEXION LOCAL CON EL USUARIO ADMIN
12/07/2023 14:48:18: [mensaje: USUARIO= ADMIN
12/07/2023 14:50:12: [mensaje: CONEXION LOCAL CON EL USUARIO ADMIN
12/07/2023 14:50:12: [mensaje: USUARIO= ADMIN
12/07/2023 15:02:58: [mensaje: CONEXION LOCAL CON EL USUARIO ADMIN
12/07/2023 15:02:58: [mensaje: USUARIO= ADMIN
12/07/2023 15:03:46: [mensaje: CONEXION LOCAL CON EL USUARIO ADMIN
12/07/2023 15:03:46: [mensaje: USUARIO= ADMIN
12/07/2023 15:04:50: [mensaje: CONEXION LOCAL CON EL USUARIO ADMIN
12/07/2023 15:04:50: [mensaje: USUARIO= ADMIN
12/07/2023 15:04:59: [mensaje: CONEXION LOCAL CON EL USUARIO ADMIN
12/07/2023 15:04:59: [mensaje: USUARIO= ADMIN
12/07/2023 15:05:48: [mensaje: CONEXION LOCAL CON EL USUARIO ADMIN
12/07/2023 15:05:48: [mensaje: USUARIO= ADMIN
12/07/2023 15:08:05: [mensaje: CONEXION LOCAL CON EL USUARIO ADMIN
12/07/2023 15:08:05: [mensaje: USUARIO= ADMIN
12/07/2023 15:08:35: [mensaje: CONEXION LOCAL CON EL USUARIO ADMIN
12/07/2023 15:08:35: [mensaje: USUARIO= ADMIN
12/07/2023 15:14:06: [mensaje: CONEXION LOCAL CON EL USUARIO ADMIN
12/07/2023 15:14:06: [mensaje: USUARIO= ADMIN
12/07/2023 15:31:04: [mensaje: CONEXION LOCAL CON EL USUARIO ADMIN
12/07/2023 15:31:04: [mensaje: USUARIO= ADMIN
12/07/2023 15:31:59: [mensaje: CONEXION LOCAL CON EL USUARIO ADMIN
12/07/2023 15:31:59: [mensaje: USUARIO= ADMIN
12/07/2023 15:34:32: [mensaje: CONEXION LOCAL CON EL USUARIO ADMIN
12/07/2023 15:34:32: [mensaje: USUARIO= ADMIN
12/07/2023 15:36:42: [mensaje: CONEXION LOCAL CON EL USUARIO ADMIN
12/07/2023 15:36:42: [mensaje: USUARIO= ADMIN
12/07/2023 15:40:28: [mensaje: CONEXION LOCAL CON EL USUARIO ADMIN
12/07/2023 15:40:28: [mensaje: USUARIO= ADMIN
12/07/2023 15:45:26: [mensaje: CONEXION LOCAL CON EL USUARIO ADMIN
12/07/2023 15:45:26: [mensaje: USUARIO= ADMIN
12/07/2023 15:50:34: [mensaje: CONEXION LOCAL CON EL USUARIO ADMIN
12/07/2023 15:50:34: [mensaje: USUARIO= ADMIN
12/07/2023 15:57:56: [mensaje: CONEXION LOCAL CON EL USUARIO ADMIN
12/07/2023 15:57:56: [mensaje: USUARIO= ADMIN
12/07/2023 15:59:21: [mensaje: CONEXION LOCAL CON EL USUARIO ADMIN
12/07/2023 15:59:21: [mensaje: USUARIO= ADMIN
12/07/2023 16:00:28: [mensaje: CONEXION LOCAL CON EL USUARIO ADMIN
12/07/2023 16:00:28: [mensaje: USUARIO= ADMIN
12/07/2023 16:24:26: [mensaje: CONEXION LOCAL CON EL USUARIO ADMIN
12/07/2023 16:24:26: [mensaje: USUARIO= ADMIN
12/07/2023 16:29:37: [mensaje: CONEXION LOCAL CON EL USUARIO ADMIN
12/07/2023 16:29:37: [mensaje: USUARIO= ADMIN
12/07/2023 16:31:25: [mensaje: CONEXION LOCAL CON EL USUARIO ADMIN
12/07/2023 16:31:25: [mensaje: USUARIO= ADMIN
12/07/2023 17:06:02: [mensaje: CONEXION LOCAL CON EL USUARIO ADMIN
12/07/2023 17:06:02: [mensaje: USUARIO= ADMIN
12/07/2023 17:06:15: [mensaje: CONEXION LOCAL CON EL USUARIO ADMIN
12/07/2023 17:06:15: [mensaje: USUARIO= ADMIN
12/07/2023 17:10:37: [mensaje: CONEXION LOCAL CON EL USUARIO ADMIN
12/07/2023 17:10:37: [mensaje: USUARIO= ADMIN
12/07/2023 17:11:22: [mensaje: CONEXION LOCAL CON EL USUARIO ADMIN
12/07/2023 17:11:22: [mensaje: USUARIO= ADMIN
12/07/2023 17:20:23: [mensaje: CONEXION LOCAL CON EL USUARIO ADMIN
12/07/2023 17:20:23: [mensaje: USUARIO= ADMIN
12/07/2023 17:21:02: [mensaje: CONEXION LOCAL CON EL USUARIO ADMIN
12/07/2023 17:21:02: [mensaje: USUARIO= ADMIN
12/07/2023 17:21:39: [mensaje: CONEXION LOCAL CON EL USUARIO ADMIN
12/07/2023 17:21:39: [mensaje: USUARIO= ADMIN
12/07/2023 17:23:27: [mensaje: CONEXION LOCAL CON EL USUARIO ADMIN
12/07/2023 17:23:27: [mensaje: USUARIO= ADMIN
12/07/2023 17:24:21: [mensaje: CONEXION LOCAL CON EL USUARIO ADMIN
12/07/2023 17:24:21: [mensaje: USUARIO= ADMIN
12/07/2023 17:27:38: [mensaje: CONEXION LOCAL CON EL USUARIO ADMIN
12/07/2023 17:27:38: [mensaje: USUARIO= ADMIN
12/07/2023 17:28:38: [mensaje: CONEXION LOCAL CON EL USUARIO ADMIN
12/07/2023 17:28:38: [mensaje: USUARIO= ADMIN
12/07/2023 17:30:37: [mensaje: CONEXION LOCAL CON EL USUARIO ADMIN
12/07/2023 17:30:37: [mensaje: USUARIO= ADMIN
12/07/2023 17:43:28: [mensaje: CONEXION LOCAL CON EL USUARIO ADMIN
12/07/2023 17:43:28: [mensaje: USUARIO= ADMIN
12/07/2023 17:46:42: [mensaje: CONEXION LOCAL CON EL USUARIO ADMIN
12/07/2023 17:46:42: [mensaje: USUARIO= ADMIN
12/07/2023 18:07:51: [mensaje: CONEXION LOCAL CON EL USUARIO ADMIN
12/07/2023 18:07:51: [mensaje: USUARIO= ADMIN
12/07/2023 18:09:38: [mensaje: CONEXION LOCAL CON EL USUARIO ADMIN
12/07/2023 18:09:38: [mensaje: USUARIO= ADMIN
12/07/2023 18:10:19: [mensaje: CONEXION LOCAL CON EL USUARIO ADMIN
12/07/2023 18:10:19: [mensaje: USUARIO= ADMIN
12/07/2023 18:11:16: [mensaje: CONEXION LOCAL CON EL USUARIO ADMIN
12/07/2023 18:11:16: [mensaje: USUARIO= ADMIN
12/07/2023 18:21:43: [mensaje: CONEXION LOCAL CON EL USUARIO ADMIN
12/07/2023 18:21:43: [mensaje: USUARIO= ADMIN
12/07/2023 18:22:52: [mensaje: CONEXION LOCAL CON EL USUARIO ADMIN
12/07/2023 18:22:52: [mensaje: USUARIO= ADMIN
12/07/2023 18:23:30: [mensaje: CONEXION LOCAL CON EL USUARIO ADMIN
12/07/2023 18:23:30: [mensaje: USUARIO= ADMIN
12/07/2023 18:25:26: [mensaje: CONEXION LOCAL CON EL USUARIO ADMIN
12/07/2023 18:25:26: [mensaje: USUARIO= ADMIN
12/07/2023 18:27:03: [mensaje: CONEXION LOCAL CON EL USUARIO ADMIN
12/07/2023 18:27:03: [mensaje: USUARIO= ADMIN
12/07/2023 18:27:29: [mensaje: CONEXION LOCAL CON EL USUARIO ADMIN
12/07/2023 18:27:29: [mensaje: USUARIO= ADMIN
12/07/2023 18:35:55: [mensaje: CONEXION LOCAL CON EL USUARIO ADMIN
12/07/2023 18:35:55: [mensaje: USUARIO= ADMIN
12/07/2023 18:38:00: [mensaje: CONEXION LOCAL CON EL USUARIO ADMIN
12/07/2023 18:38:00: [mensaje: USUARIO= ADMIN
12/07/2023 18:47:31: [mensaje: CONEXION LOCAL CON EL USUARIO ADMIN
12/07/2023 18:47:31: [mensaje: USUARIO= ADMIN
12/07/2023 18:47:56: [mensaje: CONEXION LOCAL CON EL USUARIO ADMIN
12/07/2023 18:47:56: [mensaje: USUARIO= ADMIN
12/07/2023 18:49:57: [mensaje: CONEXION LOCAL CON EL USUARIO ADMIN
12/07/2023 18:49:57: [mensaje: USUARIO= ADMIN
12/07/2023 18:51:59: [mensaje: CONEXION LOCAL CON EL USUARIO ADMIN
12/07/2023 18:51:59: [mensaje: USUARIO= ADMIN
12/07/2023 18:53:46: [mensaje: CONEXION LOCAL CON EL USUARIO ADMIN
12/07/2023 18:53:46: [mensaje: USUARIO= ADMIN
12/07/2023 19:02:31: [mensaje: CONEXION LOCAL CON EL USUARIO ADMIN
12/07/2023 19:02:31: [mensaje: USUARIO= ADMIN
12/07/2023 19:03:55: [mensaje: CONEXION LOCAL CON EL USUARIO ADMIN
12/07/2023 19:03:55: [mensaje: USUARIO= ADMIN
12/07/2023 19:04:35: [mensaje: CONEXION LOCAL CON EL USUARIO ADMIN
12/07/2023 19:04:35: [mensaje: USUARIO= ADMIN
12/07/2023 19:05:47: [mensaje: CONEXION LOCAL CON EL USUARIO ADMIN
12/07/2023 19:05:47: [mensaje: USUARIO= ADMIN
12/07/2023 19:07:31: [mensaje: CONEXION LOCAL CON EL USUARIO ADMIN
12/07/2023 19:07:31: [mensaje: USUARIO= ADMIN
12/07/2023 19:08:40: [mensaje: CONEXION LOCAL CON EL USUARIO ADMIN
12/07/2023 19:08:40: [mensaje: USUARIO= ADMIN
12/07/2023 19:13:05: [mensaje: CONEXION LOCAL CON EL USUARIO ADMIN
12/07/2023 19:13:05: [mensaje: USUARIO= ADMIN
12/07/2023 19:13:39: [mensaje: CONEXION LOCAL CON EL USUARIO ADMIN
12/07/2023 19:13:39: [mensaje: USUARIO= ADMIN
12/07/2023 19:30:55: [mensaje: CONEXION LOCAL CON EL USUARIO ADMIN
12/07/2023 19:30:55: [mensaje: USUARIO= ADMIN
12/07/2023 19:31:47: [mensaje: CONEXION LOCAL CON EL USUARIO ADMIN
12/07/2023 19:31:47: [mensaje: USUARIO= ADMIN
12/07/2023 19:32:52: [mensaje: CONEXION LOCAL CON EL USUARIO ADMIN
12/07/2023 19:32:52: [mensaje: USUARIO= ADMIN
12/07/2023 19:40:27: [mensaje: CONEXION LOCAL CON EL USUARIO ADMIN
12/07/2023 19:40:27: [mensaje: USUARIO= ADMIN
12/07/2023 19:59:20: [mensaje: CONEXION LOCAL CON EL USUARIO ADMIN
12/07/2023 19:59:20: [mensaje: USUARIO= ADMIN
12/07/2023 20:00:55: [mensaje: CONEXION LOCAL CON EL USUARIO ADMIN
12/07/2023 20:00:55: [mensaje: USUARIO= ADMIN
12/07/2023 20:02:06: [mensaje: CONEXION LOCAL CON EL USUARIO ADMIN
12/07/2023 20:02:06: [mensaje: USUARIO= ADMIN
12/07/2023 20:03:11: [mensaje: CONEXION LOCAL CON EL USUARIO ADMIN
12/07/2023 20:03:11: [mensaje: USUARIO= ADMIN
12/07/2023 20:04:36: [mensaje: CONEXION LOCAL CON EL USUARIO ADMIN
12/07/2023 20:04:36: [mensaje: USUARIO= ADMIN
12/07/2023 20:06:17: [mensaje: CONEXION LOCAL CON EL USUARIO ADMIN
12/07/2023 20:06:17: [mensaje: USUARIO= ADMIN
12/07/2023 20:17:44: [mensaje: CONEXION LOCAL CON EL USUARIO ADMIN
12/07/2023 20:17:44: [mensaje: USUARIO= ADMIN
12/07/2023 20:24:14: [mensaje: CONEXION LOCAL CON EL USUARIO ADMIN
12/07/2023 20:24:14: [mensaje: USUARIO= ADMIN
12/07/2023 20:29:14: [mensaje: CONEXION LOCAL CON EL USUARIO ADMIN
12/07/2023 20:29:14: [mensaje: USUARIO= ADMIN
12/07/2023 20:29:43: [mensaje: CONEXION LOCAL CON EL USUARIO ADMIN
12/07/2023 20:29:43: [mensaje: USUARIO= ADMIN
12/07/2023 20:39:30: [mensaje: CONEXION LOCAL CON EL USUARIO ADMIN
12/07/2023 20:39:30: [mensaje: USUARIO= ADMIN
12/07/2023 20:41:25: [mensaje: CONEXION LOCAL CON EL USUARIO ADMIN
12/07/2023 20:41:25: [mensaje: USUARIO= ADMIN
12/07/2023 20:42:47: [mensaje: CONEXION LOCAL CON EL USUARIO ADMIN
12/07/2023 20:42:47: [mensaje: USUARIO= ADMIN
12/07/2023 20:47:40: [mensaje: CONEXION LOCAL CON EL USUARIO ADMIN
12/07/2023 20:47:40: [mensaje: USUARIO= ADMIN
12/07/2023 20:56:43: [mensaje: CONEXION LOCAL CON EL USUARIO ADMIN
12/07/2023 20:56:43: [mensaje: USUARIO= ADMIN
12/07/2023 20:57:57: [mensaje: CONEXION LOCAL CON EL USUARIO ADMIN
12/07/2023 20:57:57: [mensaje: USUARIO= ADMIN
12/07/2023 20:58:59: [mensaje: CONEXION LOCAL CON EL USUARIO ADMIN
12/07/2023 20:58:59: [mensaje: USUARIO= ADMIN
12/07/2023 21:07:37: [mensaje: CONEXION LOCAL CON EL USUARIO ADMIN
12/07/2023 21:07:37: [mensaje: USUARIO= ADMIN
12/07/2023 21:25:40: [mensaje: CONEXION LOCAL CON EL USUARIO ADMIN
12/07/2023 21:25:40: [mensaje: USUARIO= ADMIN
12/07/2023 21:27:08: [mensaje: CONEXION LOCAL CON EL USUARIO ADMIN
12/07/2023 21:27:08: [mensaje: USUARIO= ADMIN
12/07/2023 21:29:12: [mensaje: CONEXION LOCAL CON EL USUARIO ADMIN
12/07/2023 21:29:12: [mensaje: USUARIO= ADMIN
12/07/2023 21:33:36: [mensaje: CONEXION LOCAL CON EL USUARIO ADMIN
12/07/2023 21:33:36: [mensaje: USUARIO= ADMIN
12/07/2023 21:34:18: [mensaje: CONEXION LOCAL CON EL USUARIO ADMIN
12/07/2023 21:34:18: [mensaje: USUARIO= ADMIN
12/07/2023 21:39:59: [mensaje: CONEXION LOCAL CON EL USUARIO ADMIN
12/07/2023 21:39:59: [mensaje: USUARIO= ADMIN
12/07/2023 21:42:38: [mensaje: CONEXION LOCAL CON EL USUARIO ADMIN
12/07/2023 21:42:38: [mensaje: USUARIO= ADMIN
12/07/2023 21:46:48: [mensaje: CONEXION LOCAL CON EL USUARIO ADMIN
12/07/2023 21:46:48: [mensaje: USUARIO= ADMIN
12/07/2023 21:51:26: [mensaje: CONEXION LOCAL CON EL USUARIO ADMIN
12/07/2023 21:51:26: [mensaje: USUARIO= ADMIN
12/07/2023 22:01:25: [mensaje: CONEXION LOCAL CON EL USUARIO ADMIN
12/07/2023 22:01:25: [mensaje: USUARIO= ADMIN
12/07/2023 22:02:08: [mensaje: CONEXION LOCAL CON EL USUARIO ADMIN
12/07/2023 22:02:08: [mensaje: USUARIO= ADMIN
12/07/2023 22:05:53: [mensaje: CONEXION LOCAL CON EL USUARIO ADMIN
12/07/2023 22:05:53: [mensaje: USUARIO= ADMIN
12/07/2023 22:09:10: [mensaje: CONEXION LOCAL CON EL USUARIO ADMIN
12/07/2023 22:09:10: [mensaje: USUARIO= ADMIN
12/07/2023 22:12:08: [mensaje: CONEXION LOCAL CON EL USUARIO ADMIN
12/07/2023 22:12:08: [mensaje: USUARIO= ADMIN
12/07/2023 22:16:12: [mensaje: CONEXION LOCAL CON EL USUARIO ADMIN
12/07/2023 22:16:12: [mensaje: USUARIO= ADMIN
12/07/2023 22:17:09: [mensaje: CONEXION LOCAL CON EL USUARIO ADMIN
12/07/2023 22:17:09: [mensaje: USUARIO= ADMIN
12/07/2023 22:18:48: [mensaje: CONEXION LOCAL CON EL USUARIO ADMIN
12/07/2023 22:18:48: [mensaje: USUARIO= ADMIN
12/07/2023 22:20:05: [mensaje: CONEXION LOCAL CON EL USUARIO ADMIN
12/07/2023 22:20:05: [mensaje: USUARIO= ADMIN
12/07/2023 22:20:57: [mensaje: CONEXION LOCAL CON EL USUARIO ADMIN
12/07/2023 22:20:57: [mensaje: USUARIO= ADMIN
12/07/2023 22:27:11: [mensaje: CONEXION LOCAL CON EL USUARIO ADMIN
12/07/2023 22:27:11: [mensaje: USUARIO= ADMIN
12/07/2023 22:28:37: [mensaje: CONEXION LOCAL CON EL USUARIO ADMIN
12/07/2023 22:28:37: [mensaje: USUARIO= ADMIN
12/07/2023 22:31:59: [mensaje: CONEXION LOCAL CON EL USUARIO ADMIN
12/07/2023 22:31:59: [mensaje: USUARIO= ADMIN
12/07/2023 22:34:14: [mensaje: CONEXION LOCAL CON EL USUARIO ADMIN
12/07/2023 22:34:14: [mensaje: USUARIO= ADMIN
12/07/2023 22:36:31: [mensaje: CONEXION LOCAL CON EL USUARIO ADMIN
12/07/2023 22:36:31: [mensaje: USUARIO= ADMIN
